[DEBUG] [2019-03-15 10:38:31][org.mybatis.generator.logging.LogFactory]Logging initialized using 'org.mybatis.generator.logging.slf4j.Slf4jLoggingLogFactory@13a57a3b' adapter.
[DEBUG] [2019-03-15 10:38:31][org.mybatis.generator.internal.db.DatabaseIntrospector]Retrieving column information for table "%"
[DEBUG] [2019-03-15 10:38:31][org.mybatis.generator.internal.db.DatabaseIntrospector]Found column "ID", data type 4, in table "world..city"
[DEBUG] [2019-03-15 10:38:31][org.mybatis.generator.internal.db.DatabaseIntrospector]Found column "Name", data type 1, in table "world..city"
[DEBUG] [2019-03-15 10:38:31][org.mybatis.generator.internal.db.DatabaseIntrospector]Found column "CountryCode", data type 1, in table "world..city"
[DEBUG] [2019-03-15 10:38:31][org.mybatis.generator.internal.db.DatabaseIntrospector]Found column "District", data type 1, in table "world..city"
[DEBUG] [2019-03-15 10:38:31][org.mybatis.generator.internal.db.DatabaseIntrospector]Found column "Population", data type 4, in table "world..city"
[DEBUG] [2019-03-15 10:38:31][org.mybatis.generator.internal.db.DatabaseIntrospector]Found column "Code", data type 1, in table "world..country"
[DEBUG] [2019-03-15 10:38:31][org.mybatis.generator.internal.db.DatabaseIntrospector]Found column "Name", data type 1, in table "world..country"
[DEBUG] [2019-03-15 10:38:31][org.mybatis.generator.internal.db.DatabaseIntrospector]Found column "Continent", data type 1, in table "world..country"
[DEBUG] [2019-03-15 10:38:31][org.mybatis.generator.internal.db.DatabaseIntrospector]Found column "Region", data type 1, in table "world..country"
[DEBUG] [2019-03-15 10:38:31][org.mybatis.generator.internal.db.DatabaseIntrospector]Found column "SurfaceArea", data type 7, in table "world..country"
[DEBUG] [2019-03-15 10:38:31][org.mybatis.generator.internal.db.DatabaseIntrospector]Found column "IndepYear", data type 5, in table "world..country"
[DEBUG] [2019-03-15 10:38:31][org.mybatis.generator.internal.db.DatabaseIntrospector]Found column "Population", data type 4, in table "world..country"
[DEBUG] [2019-03-15 10:38:31][org.mybatis.generator.internal.db.DatabaseIntrospector]Found column "LifeExpectancy", data type 7, in table "world..country"
[DEBUG] [2019-03-15 10:38:31][org.mybatis.generator.internal.db.DatabaseIntrospector]Found column "GNP", data type 7, in table "world..country"
[DEBUG] [2019-03-15 10:38:31][org.mybatis.generator.internal.db.DatabaseIntrospector]Found column "GNPOld", data type 7, in table "world..country"
[DEBUG] [2019-03-15 10:38:31][org.mybatis.generator.internal.db.DatabaseIntrospector]Found column "LocalName", data type 1, in table "world..country"
[DEBUG] [2019-03-15 10:38:31][org.mybatis.generator.internal.db.DatabaseIntrospector]Found column "GovernmentForm", data type 1, in table "world..country"
[DEBUG] [2019-03-15 10:38:31][org.mybatis.generator.internal.db.DatabaseIntrospector]Found column "HeadOfState", data type 1, in table "world..country"
[DEBUG] [2019-03-15 10:38:31][org.mybatis.generator.internal.db.DatabaseIntrospector]Found column "Capital", data type 4, in table "world..country"
[DEBUG] [2019-03-15 10:38:31][org.mybatis.generator.internal.db.DatabaseIntrospector]Found column "Code2", data type 1, in table "world..country"
[DEBUG] [2019-03-15 10:38:31][org.mybatis.generator.internal.db.DatabaseIntrospector]Found column "CountryCode", data type 1, in table "world..countrylanguage"
[DEBUG] [2019-03-15 10:38:31][org.mybatis.generator.internal.db.DatabaseIntrospector]Found column "Language", data type 1, in table "world..countrylanguage"
[DEBUG] [2019-03-15 10:38:31][org.mybatis.generator.internal.db.DatabaseIntrospector]Found column "IsOfficial", data type 1, in table "world..countrylanguage"
[DEBUG] [2019-03-15 10:38:31][org.mybatis.generator.internal.db.DatabaseIntrospector]Found column "Percentage", data type 7, in table "world..countrylanguage"
[DEBUG] [2019-03-15 10:38:31][org.mybatis.generator.internal.db.DatabaseIntrospector]Found column "id", data type 4, in table "world..student"
[DEBUG] [2019-03-15 10:38:31][org.mybatis.generator.internal.db.DatabaseIntrospector]Found column "name", data type 12, in table "world..student"
[DEBUG] [2019-03-15 10:38:31][org.mybatis.generator.internal.db.DatabaseIntrospector]Found column "sex", data type 1, in table "world..student"
[DEBUG] [2019-03-15 10:38:31][org.mybatis.generator.internal.db.DatabaseIntrospector]Found column "age", data type 4, in table "world..student"
[DEBUG] [2019-03-15 13:45:13][org.mybatis.generator.logging.LogFactory]Logging initialized using 'org.mybatis.generator.logging.slf4j.Slf4jLoggingLogFactory@13a57a3b' adapter.
[DEBUG] [2019-03-15 13:45:13][org.mybatis.generator.internal.db.DatabaseIntrospector]Retrieving column information for table "%"
[DEBUG] [2019-03-15 13:45:14][org.mybatis.generator.internal.db.DatabaseIntrospector]Found column "ID", data type 4, in table "world..city"
[DEBUG] [2019-03-15 13:45:14][org.mybatis.generator.internal.db.DatabaseIntrospector]Found column "Name", data type 1, in table "world..city"
[DEBUG] [2019-03-15 13:45:14][org.mybatis.generator.internal.db.DatabaseIntrospector]Found column "CountryCode", data type 1, in table "world..city"
[DEBUG] [2019-03-15 13:45:14][org.mybatis.generator.internal.db.DatabaseIntrospector]Found column "District", data type 1, in table "world..city"
[DEBUG] [2019-03-15 13:45:14][org.mybatis.generator.internal.db.DatabaseIntrospector]Found column "Population", data type 4, in table "world..city"
[DEBUG] [2019-03-15 13:45:14][org.mybatis.generator.internal.db.DatabaseIntrospector]Found column "Code", data type 1, in table "world..country"
[DEBUG] [2019-03-15 13:45:14][org.mybatis.generator.internal.db.DatabaseIntrospector]Found column "Name", data type 1, in table "world..country"
[DEBUG] [2019-03-15 13:45:14][org.mybatis.generator.internal.db.DatabaseIntrospector]Found column "Continent", data type 1, in table "world..country"
[DEBUG] [2019-03-15 13:45:14][org.mybatis.generator.internal.db.DatabaseIntrospector]Found column "Region", data type 1, in table "world..country"
[DEBUG] [2019-03-15 13:45:14][org.mybatis.generator.internal.db.DatabaseIntrospector]Found column "SurfaceArea", data type 7, in table "world..country"
[DEBUG] [2019-03-15 13:45:14][org.mybatis.generator.internal.db.DatabaseIntrospector]Found column "IndepYear", data type 5, in table "world..country"
[DEBUG] [2019-03-15 13:45:14][org.mybatis.generator.internal.db.DatabaseIntrospector]Found column "Population", data type 4, in table "world..country"
[DEBUG] [2019-03-15 13:45:14][org.mybatis.generator.internal.db.DatabaseIntrospector]Found column "LifeExpectancy", data type 7, in table "world..country"
[DEBUG] [2019-03-15 13:45:14][org.mybatis.generator.internal.db.DatabaseIntrospector]Found column "GNP", data type 7, in table "world..country"
[DEBUG] [2019-03-15 13:45:14][org.mybatis.generator.internal.db.DatabaseIntrospector]Found column "GNPOld", data type 7, in table "world..country"
[DEBUG] [2019-03-15 13:45:14][org.mybatis.generator.internal.db.DatabaseIntrospector]Found column "LocalName", data type 1, in table "world..country"
[DEBUG] [2019-03-15 13:45:14][org.mybatis.generator.internal.db.DatabaseIntrospector]Found column "GovernmentForm", data type 1, in table "world..country"
[DEBUG] [2019-03-15 13:45:14][org.mybatis.generator.internal.db.DatabaseIntrospector]Found column "HeadOfState", data type 1, in table "world..country"
[DEBUG] [2019-03-15 13:45:14][org.mybatis.generator.internal.db.DatabaseIntrospector]Found column "Capital", data type 4, in table "world..country"
[DEBUG] [2019-03-15 13:45:14][org.mybatis.generator.internal.db.DatabaseIntrospector]Found column "Code2", data type 1, in table "world..country"
[DEBUG] [2019-03-15 13:45:14][org.mybatis.generator.internal.db.DatabaseIntrospector]Found column "CountryCode", data type 1, in table "world..countrylanguage"
[DEBUG] [2019-03-15 13:45:14][org.mybatis.generator.internal.db.DatabaseIntrospector]Found column "Language", data type 1, in table "world..countrylanguage"
[DEBUG] [2019-03-15 13:45:14][org.mybatis.generator.internal.db.DatabaseIntrospector]Found column "IsOfficial", data type 1, in table "world..countrylanguage"
[DEBUG] [2019-03-15 13:45:14][org.mybatis.generator.internal.db.DatabaseIntrospector]Found column "Percentage", data type 7, in table "world..countrylanguage"
[DEBUG] [2019-03-15 13:45:14][org.mybatis.generator.internal.db.DatabaseIntrospector]Found column "id", data type 4, in table "world..student"
[DEBUG] [2019-03-15 13:45:14][org.mybatis.generator.internal.db.DatabaseIntrospector]Found column "name", data type 12, in table "world..student"
[DEBUG] [2019-03-15 13:45:14][org.mybatis.generator.internal.db.DatabaseIntrospector]Found column "sex", data type 1, in table "world..student"
[DEBUG] [2019-03-15 13:45:14][org.mybatis.generator.internal.db.DatabaseIntrospector]Found column "age", data type 4, in table "world..student"
[DEBUG] [2019-03-15 13:46:32][org.mybatis.generator.logging.LogFactory]Logging initialized using 'org.mybatis.generator.logging.slf4j.Slf4jLoggingLogFactory@153f5a29' adapter.
[DEBUG] [2019-03-15 13:46:32][org.mybatis.generator.internal.db.DatabaseIntrospector]Retrieving column information for table "%"
[DEBUG] [2019-03-15 13:46:32][org.mybatis.generator.internal.db.DatabaseIntrospector]Found column "ID", data type 4, in table "world..city"
[DEBUG] [2019-03-15 13:46:32][org.mybatis.generator.internal.db.DatabaseIntrospector]Found column "Name", data type 1, in table "world..city"
[DEBUG] [2019-03-15 13:46:32][org.mybatis.generator.internal.db.DatabaseIntrospector]Found column "CountryCode", data type 1, in table "world..city"
[DEBUG] [2019-03-15 13:46:32][org.mybatis.generator.internal.db.DatabaseIntrospector]Found column "District", data type 1, in table "world..city"
[DEBUG] [2019-03-15 13:46:32][org.mybatis.generator.internal.db.DatabaseIntrospector]Found column "Population", data type 4, in table "world..city"
[DEBUG] [2019-03-15 13:46:32][org.mybatis.generator.internal.db.DatabaseIntrospector]Found column "Code", data type 1, in table "world..country"
[DEBUG] [2019-03-15 13:46:32][org.mybatis.generator.internal.db.DatabaseIntrospector]Found column "Name", data type 1, in table "world..country"
[DEBUG] [2019-03-15 13:46:32][org.mybatis.generator.internal.db.DatabaseIntrospector]Found column "Continent", data type 1, in table "world..country"
[DEBUG] [2019-03-15 13:46:32][org.mybatis.generator.internal.db.DatabaseIntrospector]Found column "Region", data type 1, in table "world..country"
[DEBUG] [2019-03-15 13:46:32][org.mybatis.generator.internal.db.DatabaseIntrospector]Found column "SurfaceArea", data type 7, in table "world..country"
[DEBUG] [2019-03-15 13:46:32][org.mybatis.generator.internal.db.DatabaseIntrospector]Found column "IndepYear", data type 5, in table "world..country"
[DEBUG] [2019-03-15 13:46:32][org.mybatis.generator.internal.db.DatabaseIntrospector]Found column "Population", data type 4, in table "world..country"
[DEBUG] [2019-03-15 13:46:32][org.mybatis.generator.internal.db.DatabaseIntrospector]Found column "LifeExpectancy", data type 7, in table "world..country"
[DEBUG] [2019-03-15 13:46:32][org.mybatis.generator.internal.db.DatabaseIntrospector]Found column "GNP", data type 7, in table "world..country"
[DEBUG] [2019-03-15 13:46:32][org.mybatis.generator.internal.db.DatabaseIntrospector]Found column "GNPOld", data type 7, in table "world..country"
[DEBUG] [2019-03-15 13:46:32][org.mybatis.generator.internal.db.DatabaseIntrospector]Found column "LocalName", data type 1, in table "world..country"
[DEBUG] [2019-03-15 13:46:32][org.mybatis.generator.internal.db.DatabaseIntrospector]Found column "GovernmentForm", data type 1, in table "world..country"
[DEBUG] [2019-03-15 13:46:32][org.mybatis.generator.internal.db.DatabaseIntrospector]Found column "HeadOfState", data type 1, in table "world..country"
[DEBUG] [2019-03-15 13:46:32][org.mybatis.generator.internal.db.DatabaseIntrospector]Found column "Capital", data type 4, in table "world..country"
[DEBUG] [2019-03-15 13:46:32][org.mybatis.generator.internal.db.DatabaseIntrospector]Found column "Code2", data type 1, in table "world..country"
[DEBUG] [2019-03-15 13:46:32][org.mybatis.generator.internal.db.DatabaseIntrospector]Found column "CountryCode", data type 1, in table "world..countrylanguage"
[DEBUG] [2019-03-15 13:46:32][org.mybatis.generator.internal.db.DatabaseIntrospector]Found column "Language", data type 1, in table "world..countrylanguage"
[DEBUG] [2019-03-15 13:46:32][org.mybatis.generator.internal.db.DatabaseIntrospector]Found column "IsOfficial", data type 1, in table "world..countrylanguage"
[DEBUG] [2019-03-15 13:46:32][org.mybatis.generator.internal.db.DatabaseIntrospector]Found column "Percentage", data type 7, in table "world..countrylanguage"
[DEBUG] [2019-03-15 13:46:32][org.mybatis.generator.internal.db.DatabaseIntrospector]Found column "id", data type 4, in table "world..student"
[DEBUG] [2019-03-15 13:46:32][org.mybatis.generator.internal.db.DatabaseIntrospector]Found column "name", data type 12, in table "world..student"
[DEBUG] [2019-03-15 13:46:32][org.mybatis.generator.internal.db.DatabaseIntrospector]Found column "sex", data type 1, in table "world..student"
[DEBUG] [2019-03-15 13:46:32][org.mybatis.generator.internal.db.DatabaseIntrospector]Found column "age", data type 4, in table "world..student"
